<?xml version="1.0" encoding="UTF-8"?>
<!-- Generated by org.testng.reporters.JUnitXMLReporter -->
<testsuite ignored="0" hostname="DEV-MA-2671-LAP" failures="0" tests="6" name="Test" time="0.02" errors="0" timestamp="2023-03-29T12:55:35 IST">
  <testcase classname="TestEnv.Testenvironment" name="T1" time="0.0"/>
  <testcase classname="TestEnv.Testenvironment" name="T2" time="0.0"/>
  <testcase classname="TestEnv.Testenvironment" name="T3" time="0.005"/>
  <testcase classname="TestEnv.Testenv2" name="T1" time="0.0"/>
  <testcase classname="TestEnv.Testenv2" name="T2" time="0.0"/>
  <testcase classname="TestEnv.Testenv2" name="T3" time="0.005"/>
</testsuite> <!-- Test -->
