<?xml version="1.0" encoding="UTF-8"?>
<testng-results ignored="0" total="12" passed="12" failed="0" skipped="0">
  <reporter-output>
  </reporter-output>
  <suite started-at="2023-03-29T12:55:34 IST" name="Suite" finished-at="2023-03-29T12:55:35 IST" duration-ms="96">
    <groups>
    </groups>
    <test started-at="2023-03-29T12:55:34 IST" name="Test" finished-at="2023-03-29T12:55:35 IST" duration-ms="96">
      <class name="UAT_Env.UAT2">
        <test-method signature="U1()[pri:0, instance:UAT_Env.UAT2@5119fb47]" started-at="2023-03-29T12:55:35 IST" name="U1" finished-at="2023-03-29T12:55:35 IST" duration-ms="0" status="PASS">
          <reporter-output>
          </reporter-output>
        </test-method> <!-- U1 -->
        <test-method signature="U2()[pri:0, instance:UAT_Env.UAT2@5119fb47]" started-at="2023-03-29T12:55:35 IST" name="U2" finished-at="2023-03-29T12:55:35 IST" duration-ms="5" status="PASS">
          <reporter-output>
          </reporter-output>
        </test-method> <!-- U2 -->
        <test-method signature="U3()[pri:0, instance:UAT_Env.UAT2@5119fb47]" started-at="2023-03-29T12:55:35 IST" name="U3" finished-at="2023-03-29T12:55:35 IST" duration-ms="0" status="PASS">
          <reporter-output>
          </reporter-output>
        </test-method> <!-- U3 -->
      </class> <!-- UAT_Env.UAT2 -->
      <class name="UAT_Env.UAT_Environment">
        <test-method signature="U1()[pri:0, instance:UAT_Env.UAT_Environment@7722c3c3]" started-at="2023-03-29T12:55:35 IST" name="U1" finished-at="2023-03-29T12:55:35 IST" duration-ms="0" status="PASS">
          <reporter-output>
          </reporter-output>
        </test-method> <!-- U1 -->
        <test-method signature="U2()[pri:0, instance:UAT_Env.UAT_Environment@7722c3c3]" started-at="2023-03-29T12:55:35 IST" name="U2" finished-at="2023-03-29T12:55:35 IST" duration-ms="0" status="PASS">
          <reporter-output>
          </reporter-output>
        </test-method> <!-- U2 -->
        <test-method signature="U3()[pri:0, instance:UAT_Env.UAT_Environment@7722c3c3]" started-at="2023-03-29T12:55:35 IST" name="U3" finished-at="2023-03-29T12:55:35 IST" duration-ms="0" status="PASS">
          <reporter-output>
          </reporter-output>
        </test-method> <!-- U3 -->
      </class> <!-- UAT_Env.UAT_Environment -->
    </test> <!-- Test -->
  </suite> <!-- Suite -->
  <suite started-at="2023-03-29T12:55:35 IST" name="Suite (0)" finished-at="2023-03-29T12:55:35 IST" duration-ms="20">
    <groups>
    </groups>
    <test started-at="2023-03-29T12:55:35 IST" name="Test" finished-at="2023-03-29T12:55:35 IST" duration-ms="20">
      <class name="TestEnv.Testenvironment">
        <test-method signature="T1()[pri:0, instance:TestEnv.Testenvironment@6572421]" started-at="2023-03-29T12:55:35 IST" name="T1" finished-at="2023-03-29T12:55:35 IST" duration-ms="0" status="PASS">
          <reporter-output>
          </reporter-output>
        </test-method> <!-- T1 -->
        <test-method signature="T3()[pri:0, instance:TestEnv.Testenvironment@6572421]" started-at="2023-03-29T12:55:35 IST" name="T3" finished-at="2023-03-29T12:55:35 IST" duration-ms="5" status="PASS">
          <reporter-output>
          </reporter-output>
        </test-method> <!-- T3 -->
        <test-method signature="T2()[pri:0, instance:TestEnv.Testenvironment@6572421]" started-at="2023-03-29T12:55:35 IST" name="T2" finished-at="2023-03-29T12:55:35 IST" duration-ms="0" status="PASS">
          <reporter-output>
          </reporter-output>
        </test-method> <!-- T2 -->
      </class> <!-- TestEnv.Testenvironment -->
      <class name="TestEnv.Testenv2">
        <test-method signature="T1()[pri:0, instance:TestEnv.Testenv2@6b81ce95]" started-at="2023-03-29T12:55:35 IST" name="T1" finished-at="2023-03-29T12:55:35 IST" duration-ms="0" status="PASS">
          <reporter-output>
          </reporter-output>
        </test-method> <!-- T1 -->
        <test-method signature="T2()[pri:0, instance:TestEnv.Testenv2@6b81ce95]" started-at="2023-03-29T12:55:35 IST" name="T2" finished-at="2023-03-29T12:55:35 IST" duration-ms="0" status="PASS">
          <reporter-output>
          </reporter-output>
        </test-method> <!-- T2 -->
        <test-method signature="T3()[pri:0, instance:TestEnv.Testenv2@6b81ce95]" started-at="2023-03-29T12:55:35 IST" name="T3" finished-at="2023-03-29T12:55:35 IST" duration-ms="5" status="PASS">
          <reporter-output>
          </reporter-output>
        </test-method> <!-- T3 -->
      </class> <!-- TestEnv.Testenv2 -->
    </test> <!-- Test -->
  </suite> <!-- Suite (0) -->
</testng-results>
